[0.198s] DEBUG:colcon:Command line arguments: ['/usr/bin/colcon', 'build', '--packages-select', 'wall_follower']
[0.198s] DEBUG:colcon:Parsed command line arguments: Namespace(allow_overriding=[], ament_cmake_args=None, base_paths=['.'], build_base='build', catkin_cmake_args=None, catkin_skip_building_tests=False, cmake_args=None, cmake_clean_cache=False, cmake_clean_first=False, cmake_force_configure=False, cmake_target=None, cmake_target_skip_unavailable=False, continue_on_error=False, event_handlers=None, executor='parallel', ignore_user_meta=False, install_base='install', log_base=None, log_level=None, main=<bound method BuildVerb.main of <colcon_core.verb.build.BuildVerb object at 0x7f99f27bb850>>, merge_install=False, metas=['./colcon.meta'], packages_above=None, packages_above_and_dependencies=None, packages_above_depth=None, packages_end=None, packages_ignore=None, packages_ignore_regex=None, packages_select=['wall_follower'], packages_select_build_failed=False, packages_select_by_dep=None, packages_select_regex=None, packages_select_test_failures=False, packages_skip=None, packages_skip_build_finished=False, packages_skip_by_dep=None, packages_skip_regex=None, packages_skip_test_passed=False, packages_skip_up_to=None, packages_start=None, packages_up_to=None, packages_up_to_regex=None, parallel_workers=16, paths=None, symlink_install=False, test_result_base=None, verb_extension=<colcon_core.verb.build.BuildVerb object at 0x7f99f27bb850>, verb_name='build', verb_parser=<colcon_defaults.argument_parser.defaults.DefaultArgumentsDecorator object at 0x7f99f27bbdc0>)
[0.222s] Level 1:colcon.colcon_core.package_discovery:discover_packages(colcon_meta) check parameters
[0.222s] Level 1:colcon.colcon_core.package_discovery:discover_packages(recursive) check parameters
[0.222s] Level 1:colcon.colcon_core.package_discovery:discover_packages(ignore) check parameters
[0.222s] Level 1:colcon.colcon_core.package_discovery:discover_packages(path) check parameters
[0.222s] Level 1:colcon.colcon_core.package_discovery:discover_packages(colcon_meta) discover
[0.222s] Level 1:colcon.colcon_core.package_discovery:discover_packages(recursive) discover
[0.222s] INFO:colcon.colcon_core.package_discovery:Crawling recursively for packages in '/home/naveen/ros_ws/src'
[0.222s] Level 1:colcon.colcon_core.package_identification:_identify(.) by extensions ['ignore', 'ignore_ament_install']
[0.222s] Level 1:colcon.colcon_core.package_identification:_identify(.) by extension 'ignore'
[0.222s] Level 1:colcon.colcon_core.package_identification:_identify(.) by extension 'ignore_ament_install'
[0.222s] Level 1:colcon.colcon_core.package_identification:_identify(.) by extensions ['colcon_pkg']
[0.222s] Level 1:colcon.colcon_core.package_identification:_identify(.) by extension 'colcon_pkg'
[0.222s] Level 1:colcon.colcon_core.package_identification:_identify(.) by extensions ['colcon_meta']
[0.222s] Level 1:colcon.colcon_core.package_identification:_identify(.) by extension 'colcon_meta'
[0.223s] Level 1:colcon.colcon_core.package_identification:_identify(.) by extensions ['ros']
[0.223s] Level 1:colcon.colcon_core.package_identification:_identify(.) by extension 'ros'
[0.230s] Level 1:colcon.colcon_core.package_identification:_identify(.) by extensions ['cmake', 'python']
[0.230s] Level 1:colcon.colcon_core.package_identification:_identify(.) by extension 'cmake'
[0.230s] Level 1:colcon.colcon_core.package_identification:_identify(.) by extension 'python'
[0.230s] Level 1:colcon.colcon_core.package_identification:_identify(.) by extensions ['python_setup_py']
[0.230s] Level 1:colcon.colcon_core.package_identification:_identify(.) by extension 'python_setup_py'
[0.230s] Level 1:colcon.colcon_core.package_identification:_identify(build) by extensions ['ignore', 'ignore_ament_install']
[0.231s] Level 1:colcon.colcon_core.package_identification:_identify(build) by extension 'ignore'
[0.231s] Level 1:colcon.colcon_core.package_identification:_identify(build) ignored
[0.231s] Level 1:colcon.colcon_core.package_identification:_identify(install) by extensions ['ignore', 'ignore_ament_install']
[0.231s] Level 1:colcon.colcon_core.package_identification:_identify(install) by extension 'ignore'
[0.231s] Level 1:colcon.colcon_core.package_identification:_identify(install) ignored
[0.231s] Level 1:colcon.colcon_core.package_identification:_identify(log) by extensions ['ignore', 'ignore_ament_install']
[0.231s] Level 1:colcon.colcon_core.package_identification:_identify(log) by extension 'ignore'
[0.231s] Level 1:colcon.colcon_core.package_identification:_identify(log) ignored
[0.231s] Level 1:colcon.colcon_core.package_identification:_identify(wall_follower) by extensions ['ignore', 'ignore_ament_install']
[0.231s] Level 1:colcon.colcon_core.package_identification:_identify(wall_follower) by extension 'ignore'
[0.231s] Level 1:colcon.colcon_core.package_identification:_identify(wall_follower) by extension 'ignore_ament_install'
[0.231s] Level 1:colcon.colcon_core.package_identification:_identify(wall_follower) by extensions ['colcon_pkg']
[0.231s] Level 1:colcon.colcon_core.package_identification:_identify(wall_follower) by extension 'colcon_pkg'
[0.231s] Level 1:colcon.colcon_core.package_identification:_identify(wall_follower) by extensions ['colcon_meta']
[0.231s] Level 1:colcon.colcon_core.package_identification:_identify(wall_follower) by extension 'colcon_meta'
[0.231s] Level 1:colcon.colcon_core.package_identification:_identify(wall_follower) by extensions ['ros']
[0.231s] Level 1:colcon.colcon_core.package_identification:_identify(wall_follower) by extension 'ros'
[0.233s] DEBUG:colcon.colcon_core.package_identification:Package 'wall_follower' with type 'ros.ament_python' and name 'wall_follower'
[0.233s] Level 1:colcon.colcon_core.package_discovery:discover_packages(recursive) using defaults
[0.233s] Level 1:colcon.colcon_core.package_discovery:discover_packages(ignore) discover
[0.233s] Level 1:colcon.colcon_core.package_discovery:discover_packages(ignore) using defaults
[0.233s] Level 1:colcon.colcon_core.package_discovery:discover_packages(path) discover
[0.233s] Level 1:colcon.colcon_core.package_discovery:discover_packages(path) using defaults
[0.247s] Level 1:colcon.colcon_core.package_discovery:discover_packages(prefix_path) check parameters
[0.247s] Level 1:colcon.colcon_core.package_discovery:discover_packages(prefix_path) discover
[0.250s] DEBUG:colcon.colcon_installed_package_information.package_discovery:Found 329 installed packages in /opt/ros/galactic
[0.252s] Level 1:colcon.colcon_core.package_discovery:discover_packages(prefix_path) using defaults
[0.298s] Level 5:colcon.colcon_core.verb:set package 'wall_follower' build argument 'cmake_args' from command line to 'None'
[0.298s] Level 5:colcon.colcon_core.verb:set package 'wall_follower' build argument 'cmake_target' from command line to 'None'
[0.298s] Level 5:colcon.colcon_core.verb:set package 'wall_follower' build argument 'cmake_target_skip_unavailable' from command line to 'False'
[0.298s] Level 5:colcon.colcon_core.verb:set package 'wall_follower' build argument 'cmake_clean_cache' from command line to 'False'
[0.298s] Level 5:colcon.colcon_core.verb:set package 'wall_follower' build argument 'cmake_clean_first' from command line to 'False'
[0.298s] Level 5:colcon.colcon_core.verb:set package 'wall_follower' build argument 'cmake_force_configure' from command line to 'False'
[0.298s] Level 5:colcon.colcon_core.verb:set package 'wall_follower' build argument 'ament_cmake_args' from command line to 'None'
[0.298s] Level 5:colcon.colcon_core.verb:set package 'wall_follower' build argument 'catkin_cmake_args' from command line to 'None'
[0.298s] Level 5:colcon.colcon_core.verb:set package 'wall_follower' build argument 'catkin_skip_building_tests' from command line to 'False'
[0.298s] DEBUG:colcon.colcon_core.verb:Building package 'wall_follower' with the following arguments: {'ament_cmake_args': None, 'build_base': '/home/naveen/ros_ws/src/build/wall_follower', 'catkin_cmake_args': None, 'catkin_skip_building_tests': False, 'cmake_args': None, 'cmake_clean_cache': False, 'cmake_clean_first': False, 'cmake_force_configure': False, 'cmake_target': None, 'cmake_target_skip_unavailable': False, 'install_base': '/home/naveen/ros_ws/src/install/wall_follower', 'merge_install': False, 'path': '/home/naveen/ros_ws/src/wall_follower', 'symlink_install': False, 'test_result_base': None}
[0.299s] INFO:colcon.colcon_core.executor:Executing jobs using 'parallel' executor
[0.303s] DEBUG:colcon.colcon_parallel_executor.executor.parallel:run_until_complete
[0.303s] INFO:colcon.colcon_ros.task.ament_python.build:Building ROS package in '/home/naveen/ros_ws/src/wall_follower' with build type 'ament_python'
[0.303s] Level 1:colcon.colcon_core.shell:create_environment_hook('wall_follower', 'ament_prefix_path')
[0.307s] INFO:colcon.colcon_core.plugin_system:Skipping extension 'colcon_core.shell.bat': Not used on non-Windows systems
[0.307s] INFO:colcon.colcon_core.shell:Creating environment hook '/home/naveen/ros_ws/src/install/wall_follower/share/wall_follower/hook/ament_prefix_path.ps1'
[0.307s] INFO:colcon.colcon_core.shell:Creating environment descriptor '/home/naveen/ros_ws/src/install/wall_follower/share/wall_follower/hook/ament_prefix_path.dsv'
[0.308s] INFO:colcon.colcon_core.shell:Creating environment hook '/home/naveen/ros_ws/src/install/wall_follower/share/wall_follower/hook/ament_prefix_path.sh'
[0.310s] INFO:colcon.colcon_core.shell:Skip shell extension 'powershell' for command environment: Not usable outside of PowerShell
[0.310s] DEBUG:colcon.colcon_core.shell:Skip shell extension 'dsv' for command environment
[0.553s] INFO:colcon.colcon_core.task.python.build:Building Python package in '/home/naveen/ros_ws/src/wall_follower'
[0.555s] INFO:colcon.colcon_core.shell:Skip shell extension 'powershell' for command environment: Not usable outside of PowerShell
[0.555s] DEBUG:colcon.colcon_core.shell:Skip shell extension 'dsv' for command environment
[0.907s] DEBUG:colcon.colcon_core.event_handler.log_command:Invoking command in '/home/naveen/ros_ws/src/wall_follower': PYTHONPATH=/home/naveen/ros_ws/src/build/wall_follower/prefix_override:/home/naveen/ros_ws/src/install/wall_follower/lib/python3.8/site-packages:${PYTHONPATH} /usr/bin/python3 setup.py egg_info --egg-base ../build/wall_follower build --build-base /home/naveen/ros_ws/src/build/wall_follower/build install --record /home/naveen/ros_ws/src/build/wall_follower/install.log --single-version-externally-managed
[1.182s] DEBUG:colcon.colcon_core.event_handler.log_command:Invoked command in '/home/naveen/ros_ws/src/wall_follower' returned '0': PYTHONPATH=/home/naveen/ros_ws/src/build/wall_follower/prefix_override:/home/naveen/ros_ws/src/install/wall_follower/lib/python3.8/site-packages:${PYTHONPATH} /usr/bin/python3 setup.py egg_info --egg-base ../build/wall_follower build --build-base /home/naveen/ros_ws/src/build/wall_follower/build install --record /home/naveen/ros_ws/src/build/wall_follower/install.log --single-version-externally-managed
[1.186s] Level 1:colcon.colcon_core.environment:checking '/home/naveen/ros_ws/src/install/wall_follower' for CMake module files
[1.187s] Level 1:colcon.colcon_core.environment:checking '/home/naveen/ros_ws/src/install/wall_follower' for CMake config files
[1.187s] Level 1:colcon.colcon_core.environment:checking '/home/naveen/ros_ws/src/install/wall_follower/lib'
[1.187s] Level 1:colcon.colcon_core.environment:checking '/home/naveen/ros_ws/src/install/wall_follower/bin'
[1.187s] Level 1:colcon.colcon_core.environment:checking '/home/naveen/ros_ws/src/install/wall_follower/lib/pkgconfig/wall_follower.pc'
[1.188s] Level 1:colcon.colcon_core.environment:checking '/home/naveen/ros_ws/src/install/wall_follower/lib/python3.8/site-packages'
[1.188s] Level 1:colcon.colcon_core.shell:create_environment_hook('wall_follower', 'pythonpath')
[1.190s] INFO:colcon.colcon_core.shell:Creating environment hook '/home/naveen/ros_ws/src/install/wall_follower/share/wall_follower/hook/pythonpath.ps1'
[1.190s] INFO:colcon.colcon_core.shell:Creating environment descriptor '/home/naveen/ros_ws/src/install/wall_follower/share/wall_follower/hook/pythonpath.dsv'
[1.190s] INFO:colcon.colcon_core.shell:Creating environment hook '/home/naveen/ros_ws/src/install/wall_follower/share/wall_follower/hook/pythonpath.sh'
[1.190s] Level 1:colcon.colcon_core.environment:checking '/home/naveen/ros_ws/src/install/wall_follower/bin'
[1.190s] Level 1:colcon.colcon_core.environment:create_environment_scripts_only(wall_follower)
[1.192s] INFO:colcon.colcon_core.shell:Creating package script '/home/naveen/ros_ws/src/install/wall_follower/share/wall_follower/package.ps1'
[1.193s] INFO:colcon.colcon_core.shell:Creating package descriptor '/home/naveen/ros_ws/src/install/wall_follower/share/wall_follower/package.dsv'
[1.193s] INFO:colcon.colcon_core.shell:Creating package script '/home/naveen/ros_ws/src/install/wall_follower/share/wall_follower/package.sh'
[1.194s] INFO:colcon.colcon_core.shell:Creating package script '/home/naveen/ros_ws/src/install/wall_follower/share/wall_follower/package.bash'
[1.194s] INFO:colcon.colcon_core.shell:Creating package script '/home/naveen/ros_ws/src/install/wall_follower/share/wall_follower/package.zsh'
[1.194s] Level 1:colcon.colcon_core.environment:create_file_with_runtime_dependencies(/home/naveen/ros_ws/src/install/wall_follower/share/colcon-core/packages/wall_follower)
[1.195s] DEBUG:colcon.colcon_parallel_executor.executor.parallel:closing loop
[1.195s] DEBUG:colcon.colcon_parallel_executor.executor.parallel:loop closed
[1.195s] DEBUG:colcon.colcon_parallel_executor.executor.parallel:run_until_complete finished with '0'
[1.195s] DEBUG:colcon.colcon_core.event_reactor:joining thread
[1.198s] INFO:colcon.colcon_core.plugin_system:Skipping extension 'colcon_notification.desktop_notification.terminal_notifier': Not used on non-Darwin systems
[1.198s] INFO:colcon.colcon_core.plugin_system:Skipping extension 'colcon_notification.desktop_notification.win32': Not used on non-Windows systems
[1.198s] INFO:colcon.colcon_notification.desktop_notification:Sending desktop notification using 'notify2'
[1.209s] DEBUG:colcon.colcon_core.event_reactor:joined thread
[1.211s] INFO:colcon.colcon_core.shell:Creating prefix script '/home/naveen/ros_ws/src/install/local_setup.ps1'
[1.212s] INFO:colcon.colcon_core.shell:Creating prefix util module '/home/naveen/ros_ws/src/install/_local_setup_util_ps1.py'
[1.213s] INFO:colcon.colcon_core.shell:Creating prefix chain script '/home/naveen/ros_ws/src/install/setup.ps1'
[1.214s] INFO:colcon.colcon_core.shell:Creating prefix script '/home/naveen/ros_ws/src/install/local_setup.sh'
[1.214s] INFO:colcon.colcon_core.shell:Creating prefix util module '/home/naveen/ros_ws/src/install/_local_setup_util_sh.py'
[1.214s] INFO:colcon.colcon_core.shell:Creating prefix chain script '/home/naveen/ros_ws/src/install/setup.sh'
[1.215s] INFO:colcon.colcon_core.shell:Creating prefix script '/home/naveen/ros_ws/src/install/local_setup.bash'
[1.216s] INFO:colcon.colcon_core.shell:Creating prefix chain script '/home/naveen/ros_ws/src/install/setup.bash'
[1.217s] INFO:colcon.colcon_core.shell:Creating prefix script '/home/naveen/ros_ws/src/install/local_setup.zsh'
[1.217s] INFO:colcon.colcon_core.shell:Creating prefix chain script '/home/naveen/ros_ws/src/install/setup.zsh'
